<?xml version="1.0" encoding="UTF-8"?>
<!-- Generated by org.testng.reporters.JUnitReportReporter -->
<testsuite skipped="0" hostname="ATMECSINLT-033" name="com.atmecs.testscripts.RedBusScript" tests="1" failures="0" timestamp="07 Nov 2019 11:57:10 GMT" time="7.313" errors="0">
  <testcase name="testbus" time="7.313" classname="com.atmecs.testscripts.RedBusScript"/>
</testsuite> <!-- com.atmecs.testscripts.RedBusScript -->
