<?xml version="1.0" encoding="UTF-8"?>
<!-- Generated by org.testng.reporters.JUnitReportReporter -->
<testsuite skipped="0" hostname="ATMECSINLT-033" name="com.atmecs.check.dynamic.Testng" tests="1" failures="0" timestamp="07 Nov 2019 09:44:35 GMT" time="145.031" errors="0">
  <testcase name="base" time="145.031" classname="com.atmecs.check.dynamic.Testng"/>
</testsuite> <!-- com.atmecs.check.dynamic.Testng -->
